  Menu.cpp
E:\HCMUS SEMESTER 3\DATA STRUCTURES\TASK\DictionaryProject\Dictionary\Dictionary\Dictionary\TenarySearchTree.h(258,1): warning C4267: 'initializing': conversion from 'size_t' to 'int', possible loss of data
E:\HCMUS SEMESTER 3\DATA STRUCTURES\TASK\DictionaryProject\Dictionary\Dictionary\Dictionary\TenarySearchTree.h(330,25): warning C4244: 'argument': conversion from '_Rep' to 'unsigned int', possible loss of data
          with
          [
              _Rep=__int64
          ]
E:\HCMUS SEMESTER 3\DATA STRUCTURES\TASK\DictionaryProject\Dictionary\Dictionary\Dictionary\TenarySearchTree.h(345,22): warning C4244: 'initializing': conversion from '__int64' to 'int', possible loss of data
E:\HCMUS SEMESTER 3\DATA STRUCTURES\TASK\DictionaryProject\Dictionary\Dictionary\Dictionary\TenarySearchTree.h(356,25): warning C4244: 'initializing': conversion from '__int64' to 'int', possible loss of data
E:\HCMUS SEMESTER 3\DATA STRUCTURES\TASK\DictionaryProject\Dictionary\Dictionary\Dictionary\WordGame.h(17,18): warning C4244: 'argument': conversion from '_Rep' to 'unsigned int', possible loss of data
          with
          [
              _Rep=__int64
          ]
E:\HCMUS SEMESTER 3\DATA STRUCTURES\TASK\DictionaryProject\Dictionary\Dictionary\Dictionary\WordGame.h(37,16): warning C4244: '=': conversion from '__int64' to 'int', possible loss of data
E:\HCMUS SEMESTER 3\DATA STRUCTURES\TASK\DictionaryProject\Dictionary\Dictionary\Dictionary\WordGame.h(86,16): warning C4244: 'initializing': conversion from '__int64' to 'int', possible loss of data
E:\HCMUS SEMESTER 3\DATA STRUCTURES\TASK\DictionaryProject\Dictionary\Dictionary\Dictionary\Menu.cpp(94,29): warning C4267: 'initializing': conversion from 'size_t' to 'int', possible loss of data
E:\HCMUS SEMESTER 3\DATA STRUCTURES\TASK\DictionaryProject\Dictionary\Dictionary\Dictionary\Menu.cpp(177,61): warning C4305: 'argument': truncation from 'double' to 'float'
E:\HCMUS SEMESTER 3\DATA STRUCTURES\TASK\DictionaryProject\Dictionary\Dictionary\Dictionary\Menu.cpp(366,42): warning C4267: 'initializing': conversion from 'size_t' to 'int', possible loss of data
E:\HCMUS SEMESTER 3\DATA STRUCTURES\TASK\DictionaryProject\Dictionary\Dictionary\Dictionary\Menu.cpp(392,44): warning C4267: 'initializing': conversion from 'size_t' to 'int', possible loss of data
  Dictionary.vcxproj -> E:\HCMUS SEMESTER 3\DATA STRUCTURES\TASK\DictionaryProject\Dictionary\Dictionary\x64\Debug\Dictionary.exe
